notificationdemo/source/android/build/outputs/logs/manifest-merger-debug-report.txt
-- Merging decision tree log ---
manifest
ADDED from src/main/AndroidManifest.xml:20:1-45:12
	package
		ADDED from src/main/AndroidManifest.xml:21:5-51
	xmlns:android
		ADDED from src/main/AndroidManifest.xml:20:11-69
uses-permission#android.permission.INTERNET
ADDED from src/main/AndroidManifest.xml:23:5-67
	android:name
		ADDED from src/main/AndroidManifest.xml:23:22-64
uses-permission#android.permission.ACCESS_NETWORK_STATE
ADDED from src/main/AndroidManifest.xml:24:5-79
	android:name
		ADDED from src/main/AndroidManifest.xml:24:22-76
uses-sdk
ADDED from src/main/AndroidManifest.xml:26:5-44
	android:minSdkVersion
		ADDED from src/main/AndroidManifest.xml:26:15-41
application
ADDED from src/main/AndroidManifest.xml:28:5-43:19
	android:label
		ADDED from src/main/AndroidManifest.xml:32:9-41
	android:allowBackup
		ADDED from src/main/AndroidManifest.xml:30:9-35
	android:icon
		ADDED from src/main/AndroidManifest.xml:31:9-45
	android:theme
		ADDED from src/main/AndroidManifest.xml:33:9-40
	android:name
		ADDED from src/main/AndroidManifest.xml:29:9-79
activity#org.kaaproject.demo.notification.activity.MainActivity
ADDED from src/main/AndroidManifest.xml:34:9-42:20
	android:label
		ADDED from src/main/AndroidManifest.xml:37:13-45
	android:configChanges
		ADDED from src/main/AndroidManifest.xml:36:13-74
	android:name
		ADDED from src/main/AndroidManifest.xml:35:13-89
intent-filter#android.intent.action.MAIN+android.intent.category.LAUNCHER
ADDED from src/main/AndroidManifest.xml:38:13-41:29
action#android.intent.action.MAIN
ADDED from src/main/AndroidManifest.xml:39:17-69
	android:name
		ADDED from src/main/AndroidManifest.xml:39:25-66
category#android.intent.category.LAUNCHER
ADDED from src/main/AndroidManifest.xml:40:17-77
	android:name
		ADDED from src/main/AndroidManifest.xml:40:27-74